DEPRECATION WARNING: config.action_view.debug_rjs will be removed in 3.1, from 3.1 onwards you will need to install prototype-rails to continue to use RJS templates . (called from service at /home/patrick/.rvm/rubies/ruby-1.9.2-head/lib/ruby/1.9.1/webrick/httpserver.rb:111)


Started GET "/auth/forcedotcom" for 127.0.0.1 at 2011-10-25 14:46:56 +1100


Started GET "/auth/forcedotcom/callback?code=aPrxaSyVmC8fBbds.naZO1CTTl9GRXGF6Ne3F6ZjhryMrW434u4IbTzyoG30.aJ_xXHA0ME0yw%3D%3D" for 127.0.0.1 at 2011-10-25 14:47:19 +1100
  Processing by SessionsController#create as HTML
  Parameters: {"code"=>"aPrxaSyVmC8fBbds.naZO1CTTl9GRXGF6Ne3F6ZjhryMrW434u4IbTzyoG30.aJ_xXHA0ME0yw==", "provider"=>"forcedotcom"}
Redirected to https://localhost:3000/accounts/index
Completed 302 Found in 1ms


Started GET "/accounts/index" for 127.0.0.1 at 2011-10-25 14:47:22 +1100
  Processing by AccountsController#index as HTML
Rendered accounts/index.html.erb within layouts/application (1.9ms)
Completed 200 OK in 6ms (Views: 5.2ms | ActiveRecord: 0.0ms)


Started POST "/accounts/search" for 127.0.0.1 at 2011-10-25 14:47:30 +1100
  Processing by AccountsController#search as HTML
  Parameters: {"accountName"=>"sForce"}
Rendered accounts/search.html.erb within layouts/application (5.7ms)
Completed 200 OK in 1851ms (Views: 13.1ms | ActiveRecord: 0.0ms)


Started GET "/accounts/00190000009IKeMAAW" for 127.0.0.1 at 2011-10-25 14:51:47 +1100
  Processing by AccountsController#show as HTML
  Parameters: {"id"=>"00190000009IKeMAAW"}
Rendered accounts/show.html.erb within layouts/application (5.6ms)
Completed 200 OK in 3204ms (Views: 15.3ms | ActiveRecord: 0.0ms)


Started GET "/accounts/index" for 127.0.0.1 at 2011-10-25 15:11:00 +1100
  Processing by AccountsController#index as HTML
Rendered accounts/index.html.erb within layouts/application (1.7ms)
Completed 200 OK in 5ms (Views: 5.0ms | ActiveRecord: 0.0ms)


Started POST "/accounts/search" for 127.0.0.1 at 2011-10-25 15:11:08 +1100
  Processing by AccountsController#search as HTML
  Parameters: {"accountName"=>"sForce"}
Rendered accounts/search.html.erb within layouts/application (5.9ms)
Completed 200 OK in 1796ms (Views: 13.4ms | ActiveRecord: 0.0ms)


Started GET "/accounts/00190000009IKeMAAW" for 127.0.0.1 at 2011-10-25 15:11:12 +1100
  Processing by AccountsController#show as HTML
  Parameters: {"id"=>"00190000009IKeMAAW"}
Rendered accounts/show.html.erb within layouts/application (4.9ms)
Completed 200 OK in 3144ms (Views: 12.5ms | ActiveRecord: 0.0ms)


Started GET "/accounts/00190000009IKeMAAW/new_opp" for 127.0.0.1 at 2011-10-25 15:11:28 +1100
  Processing by AccountsController#new_opp as HTML
  Parameters: {"id"=>"00190000009IKeMAAW"}
Rendered accounts/new_opp.html.erb within layouts/application (3.9ms)
Completed 200 OK in 1621ms (Views: 12.3ms | ActiveRecord: 0.0ms)


Started GET "/auth/forcedotcom" for 127.0.0.1 at 2011-10-25 15:24:13 +1100


Started GET "/auth/forcedotcom/callback?code=aPrxaSyVmC8fBbds.naZO1CTTiJjeL0kCooOeHIyDYCn8dG89QuRnN8mY0UFfpI49rbfLGC1Ng%3D%3D" for 127.0.0.1 at 2011-10-25 15:24:17 +1100
  Processing by SessionsController#create as HTML
  Parameters: {"code"=>"aPrxaSyVmC8fBbds.naZO1CTTiJjeL0kCooOeHIyDYCn8dG89QuRnN8mY0UFfpI49rbfLGC1Ng==", "provider"=>"forcedotcom"}
Redirected to https://localhost:3000/accounts/index
Completed 302 Found in 1ms


Started GET "/accounts/index" for 127.0.0.1 at 2011-10-25 15:24:20 +1100
  Processing by AccountsController#index as HTML
Rendered accounts/index.html.erb within layouts/application (1.6ms)
Completed 200 OK in 5ms (Views: 4.8ms | ActiveRecord: 0.0ms)
DEPRECATION WARNING: config.action_view.debug_rjs will be removed in 3.1, from 3.1 onwards you will need to install prototype-rails to continue to use RJS templates . (called from service at /home/patrick/.rvm/rubies/ruby-1.9.2-head/lib/ruby/1.9.1/webrick/httpserver.rb:111)


Started GET "/auth/forcedotcom" for 127.0.0.1 at 2011-10-25 15:54:04 +1100


Started GET "/auth/forcedotcom/callback?code=aPrxaSyVmC8fBbds.naZO1CTTv0HXS_lbBiGiz7W5kx_hsPfi_Ypo3.nvwnTJIyYA0PVONvQsw%3D%3D" for 127.0.0.1 at 2011-10-25 15:54:10 +1100
  Processing by SessionsController#create as HTML
  Parameters: {"code"=>"aPrxaSyVmC8fBbds.naZO1CTTv0HXS_lbBiGiz7W5kx_hsPfi_Ypo3.nvwnTJIyYA0PVONvQsw==", "provider"=>"forcedotcom"}
Redirected to https://localhost:3000/accounts/index
Completed 302 Found in 1ms


Started GET "/accounts/index" for 127.0.0.1 at 2011-10-25 15:54:13 +1100
  Processing by AccountsController#index as HTML
Rendered accounts/index.html.erb within layouts/application (2.0ms)
Completed 200 OK in 5ms (Views: 5.1ms | ActiveRecord: 0.0ms)


Started POST "/accounts/search" for 127.0.0.1 at 2011-10-25 15:54:28 +1100
  Processing by AccountsController#search as HTML
  Parameters: {"accountName"=>"sForce"}
Rendered accounts/search.html.erb within layouts/application (4.3ms)
Completed 200 OK in 2616ms (Views: 11.3ms | ActiveRecord: 0.0ms)
DEPRECATION WARNING: config.action_view.debug_rjs will be removed in 3.1, from 3.1 onwards you will need to install prototype-rails to continue to use RJS templates . (called from service at /home/patrick/.rvm/rubies/ruby-1.9.2-head/lib/ruby/1.9.1/webrick/httpserver.rb:111)


Started GET "/auth/forcedotcom" for 127.0.0.1 at 2011-10-30 10:28:54 +1100


Started GET "/auth/forcedotcom/callback?code=aPrxaSyVmC8fBbds.naZO1CTTk1NLzWnVwocIDYj.lGEVGT2czWKiYrGNebmoM07xxu5ztR4mQ%3D%3D" for 127.0.0.1 at 2011-10-30 10:29:37 +1100
  Processing by SessionsController#create as HTML
  Parameters: {"code"=>"aPrxaSyVmC8fBbds.naZO1CTTk1NLzWnVwocIDYj.lGEVGT2czWKiYrGNebmoM07xxu5ztR4mQ==", "provider"=>"forcedotcom"}
Redirected to https://localhost:3000/accounts/index
Completed 302 Found in 1ms


Started GET "/accounts/index" for 127.0.0.1 at 2011-10-30 10:29:40 +1100
  Processing by AccountsController#index as HTML
Rendered accounts/index.html.erb within layouts/application (1.8ms)
Completed 200 OK in 6ms (Views: 5.7ms | ActiveRecord: 0.0ms)


Started POST "/accounts/search" for 127.0.0.1 at 2011-10-30 10:29:48 +1100
  Processing by AccountsController#search as HTML
  Parameters: {"accountName"=>"sForce"}
Rendered accounts/search.html.erb within layouts/application (4.1ms)
Completed 200 OK in 1853ms (Views: 11.1ms | ActiveRecord: 0.0ms)


Started GET "/accounts/search" for 127.0.0.1 at 2011-10-30 12:47:23 +1100
  Processing by AccountsController#show as HTML
  Parameters: {"id"=>"search"}
Rendered accounts/show.html.erb within layouts/application (79.2ms)
Completed 500 Internal Server Error in 3845ms

ActionView::Template::Error (can't convert String into Integer):
    5: <table border="0" cellspacing="1" cellpadding="5" bgcolor="#CCCCCC">
    6: 	<tr bgcolor="#407BA8">
    7: 		<td style="color: #ffffff; font-weight: bold;">Name</td>
    8: 		<td bgcolor="#ffffff"><%= @account["Name"] %></td>
    9: 	</tr>
    10: 	<tr bgcolor="#407BA8">
    11: 		<td style="color: #ffffff; font-weight: bold;">City</td>
  app/views/accounts/show.html.erb:8:in `_app_views_accounts_show_html_erb__415424277_90971970__735496432'

Rendered /home/patrick/.rvm/gems/ruby-1.9.2-head@BEngProj/gems/actionpack-3.0.10/lib/action_dispatch/middleware/templates/rescues/_trace.erb (3.8ms)
Rendered /home/patrick/.rvm/gems/ruby-1.9.2-head@BEngProj/gems/actionpack-3.0.10/lib/action_dispatch/middleware/templates/rescues/_request_and_response.erb (68.2ms)
Rendered /home/patrick/.rvm/gems/ruby-1.9.2-head@BEngProj/gems/actionpack-3.0.10/lib/action_dispatch/middleware/templates/rescues/template_error.erb within rescues/layout (82.2ms)


Started POST "/accounts/search" for 127.0.0.1 at 2011-10-30 12:47:40 +1100
  Processing by AccountsController#search as HTML
  Parameters: {"accountName"=>"sForce"}
Rendered accounts/search.html.erb within layouts/application (1.7ms)
Completed 500 Internal Server Error in 1786ms

ActionView::Template::Error (can't convert String into Integer):
    12: </form>
    13: <p/>
    14: 
    15: <span class="heading"><%= @json["records"].length %> accounts matching your search criteria:</span>
    16: 	
    17: <p/>
    18: <table border="0" cellspacing="1" cellpadding="5" bgcolor="#CCCCCC" width="50%">
  app/views/accounts/search.html.erb:15:in `_app_views_accounts_search_html_erb__920354510_92284830__735496432'

Rendered /home/patrick/.rvm/gems/ruby-1.9.2-head@BEngProj/gems/actionpack-3.0.10/lib/action_dispatch/middleware/templates/rescues/_trace.erb (2.7ms)
Rendered /home/patrick/.rvm/gems/ruby-1.9.2-head@BEngProj/gems/actionpack-3.0.10/lib/action_dispatch/middleware/templates/rescues/_request_and_response.erb (44.1ms)
Rendered /home/patrick/.rvm/gems/ruby-1.9.2-head@BEngProj/gems/actionpack-3.0.10/lib/action_dispatch/middleware/templates/rescues/template_error.erb within rescues/layout (52.7ms)


Started GET "/auth/forcedotcom" for 127.0.0.1 at 2011-10-30 12:47:56 +1100


Started GET "/auth/forcedotcom/callback?code=aPrxaSyVmC8fBbds.naZO1CTTq8CVq1QmOIrxWUAIqKxNyYbPIg62_C8HAJb4t3Emq3tdCXokw%3D%3D" for 127.0.0.1 at 2011-10-30 12:48:24 +1100
  Processing by SessionsController#create as HTML
  Parameters: {"code"=>"aPrxaSyVmC8fBbds.naZO1CTTq8CVq1QmOIrxWUAIqKxNyYbPIg62_C8HAJb4t3Emq3tdCXokw==", "provider"=>"forcedotcom"}
Redirected to https://localhost:3000/accounts/index
Completed 302 Found in 1ms


Started GET "/accounts/index" for 127.0.0.1 at 2011-10-30 12:48:27 +1100
  Processing by AccountsController#index as HTML
Rendered accounts/index.html.erb within layouts/application (5.2ms)
Completed 200 OK in 8ms (Views: 8.0ms | ActiveRecord: 0.0ms)


Started GET "/accounts/index?name=sForce" for 127.0.0.1 at 2011-10-30 12:49:18 +1100
  Processing by AccountsController#index as HTML
  Parameters: {"name"=>"sForce"}
Rendered accounts/index.html.erb within layouts/application (1.5ms)
Completed 200 OK in 4ms (Views: 4.2ms | ActiveRecord: 0.0ms)


Started GET "/accounts/search?name=sForce" for 127.0.0.1 at 2011-10-30 12:49:34 +1100
  Processing by AccountsController#show as HTML
  Parameters: {"name"=>"sForce", "id"=>"search"}
Rendered accounts/show.html.erb within layouts/application (2.1ms)
Completed 500 Internal Server Error in 3453ms

ActionView::Template::Error (can't convert String into Integer):
    5: <table border="0" cellspacing="1" cellpadding="5" bgcolor="#CCCCCC">
    6: 	<tr bgcolor="#407BA8">
    7: 		<td style="color: #ffffff; font-weight: bold;">Name</td>
    8: 		<td bgcolor="#ffffff"><%= @account["Name"] %></td>
    9: 	</tr>
    10: 	<tr bgcolor="#407BA8">
    11: 		<td style="color: #ffffff; font-weight: bold;">City</td>
  app/views/accounts/show.html.erb:8:in `_app_views_accounts_show_html_erb__415424277_91945840__735496432'

Rendered /home/patrick/.rvm/gems/ruby-1.9.2-head@BEngProj/gems/actionpack-3.0.10/lib/action_dispatch/middleware/templates/rescues/_trace.erb (1.2ms)
Rendered /home/patrick/.rvm/gems/ruby-1.9.2-head@BEngProj/gems/actionpack-3.0.10/lib/action_dispatch/middleware/templates/rescues/_request_and_response.erb (43.6ms)
Rendered /home/patrick/.rvm/gems/ruby-1.9.2-head@BEngProj/gems/actionpack-3.0.10/lib/action_dispatch/middleware/templates/rescues/template_error.erb within rescues/layout (48.4ms)


Started GET "/accounts/index?accountName=sForce" for 127.0.0.1 at 2011-10-30 12:50:44 +1100
  Processing by AccountsController#index as HTML
  Parameters: {"accountName"=>"sForce"}
Rendered accounts/index.html.erb within layouts/application (1.6ms)
Completed 200 OK in 5ms (Views: 4.6ms | ActiveRecord: 0.0ms)


Started GET "/accounts/index?accountName=sForce" for 127.0.0.1 at 2011-10-30 12:50:58 +1100
  Processing by AccountsController#index as HTML
  Parameters: {"accountName"=>"sForce"}
Rendered accounts/index.html.erb within layouts/application (1.5ms)
Completed 200 OK in 5ms (Views: 4.4ms | ActiveRecord: 0.0ms)


Started POST "/accounts/search" for 127.0.0.1 at 2011-10-30 12:51:06 +1100
  Processing by AccountsController#search as HTML
  Parameters: {"accountName"=>"sForce"}
Rendered accounts/search.html.erb within layouts/application (4.3ms)
Completed 200 OK in 1641ms (Views: 12.1ms | ActiveRecord: 0.0ms)


Started GET "/accounts/search?accountName=sForce" for 127.0.0.1 at 2011-10-30 12:51:29 +1100
  Processing by AccountsController#show as HTML
  Parameters: {"accountName"=>"sForce", "id"=>"search"}
Rendered accounts/show.html.erb within layouts/application (1.9ms)
Completed 500 Internal Server Error in 3049ms

ActionView::Template::Error (can't convert String into Integer):
    5: <table border="0" cellspacing="1" cellpadding="5" bgcolor="#CCCCCC">
    6: 	<tr bgcolor="#407BA8">
    7: 		<td style="color: #ffffff; font-weight: bold;">Name</td>
    8: 		<td bgcolor="#ffffff"><%= @account["Name"] %></td>
    9: 	</tr>
    10: 	<tr bgcolor="#407BA8">
    11: 		<td style="color: #ffffff; font-weight: bold;">City</td>
  app/views/accounts/show.html.erb:8:in `_app_views_accounts_show_html_erb__415424277_91171770__735496432'

Rendered /home/patrick/.rvm/gems/ruby-1.9.2-head@BEngProj/gems/actionpack-3.0.10/lib/action_dispatch/middleware/templates/rescues/_trace.erb (1.3ms)
Rendered /home/patrick/.rvm/gems/ruby-1.9.2-head@BEngProj/gems/actionpack-3.0.10/lib/action_dispatch/middleware/templates/rescues/_request_and_response.erb (47.2ms)
Rendered /home/patrick/.rvm/gems/ruby-1.9.2-head@BEngProj/gems/actionpack-3.0.10/lib/action_dispatch/middleware/templates/rescues/template_error.erb within rescues/layout (52.7ms)


Started POST "/accounts/search" for 127.0.0.1 at 2011-10-30 12:58:43 +1100
  Processing by AccountsController#search as HTML
  Parameters: {"accountName"=>"sForce"}
Rendered accounts/search.html.erb within layouts/application (4.7ms)
Completed 200 OK in 2031ms (Views: 12.9ms | ActiveRecord: 0.0ms)


Started GET "/accounts/search?accountName=sForce" for 127.0.0.1 at 2011-10-30 13:27:53 +1100
  Processing by AccountsController#show as HTML
  Parameters: {"accountName"=>"sForce", "id"=>"search"}
Rendered accounts/show.html.erb within layouts/application (2.5ms)
Completed 500 Internal Server Error in 4007ms

ActionView::Template::Error (can't convert String into Integer):
    5: <table border="0" cellspacing="1" cellpadding="5" bgcolor="#CCCCCC">
    6: 	<tr bgcolor="#407BA8">
    7: 		<td style="color: #ffffff; font-weight: bold;">Name</td>
    8: 		<td bgcolor="#ffffff"><%= @account["Name"] %></td>
    9: 	</tr>
    10: 	<tr bgcolor="#407BA8">
    11: 		<td style="color: #ffffff; font-weight: bold;">City</td>
  app/views/accounts/show.html.erb:8:in `_app_views_accounts_show_html_erb__415424277_93003830__735496432'

Rendered /home/patrick/.rvm/gems/ruby-1.9.2-head@BEngProj/gems/actionpack-3.0.10/lib/action_dispatch/middleware/templates/rescues/_trace.erb (2.7ms)
Rendered /home/patrick/.rvm/gems/ruby-1.9.2-head@BEngProj/gems/actionpack-3.0.10/lib/action_dispatch/middleware/templates/rescues/_request_and_response.erb (50.5ms)
Rendered /home/patrick/.rvm/gems/ruby-1.9.2-head@BEngProj/gems/actionpack-3.0.10/lib/action_dispatch/middleware/templates/rescues/template_error.erb within rescues/layout (61.0ms)


Started GET "/accounts/search?accountName=sForce" for 127.0.0.1 at 2011-10-30 13:35:37 +1100
  Processing by AccountsController#search as HTML
  Parameters: {"accountName"=>"sForce"}
Rendered accounts/search.html.erb within layouts/application (4.8ms)
Completed 200 OK in 2251ms (Views: 12.2ms | ActiveRecord: 0.0ms)


Started POST "/accounts/search" for 127.0.0.1 at 2011-10-30 13:36:13 +1100
  Processing by AccountsController#search as HTML
  Parameters: {"accountName"=>"apple"}
Rendered accounts/search.html.erb within layouts/application (6.0ms)
Completed 200 OK in 1893ms (Views: 13.3ms | ActiveRecord: 0.0ms)


Started GET "/accounts/search?accountName=apple" for 127.0.0.1 at 2011-10-30 13:36:27 +1100
  Processing by AccountsController#search as HTML
  Parameters: {"accountName"=>"apple"}
Rendered accounts/search.html.erb within layouts/application (4.4ms)
Completed 200 OK in 1866ms (Views: 13.1ms | ActiveRecord: 0.0ms)


Started GET "/accounts/search?accountName=sForce" for 127.0.0.1 at 2011-10-30 13:37:39 +1100

ActionController::RoutingError (undefined method `respond_to' for main:Object):
  app/controllers/accounts_controller.rb:3:in `<top (required)>'

Rendered /home/patrick/.rvm/gems/ruby-1.9.2-head@BEngProj/gems/actionpack-3.0.10/lib/action_dispatch/middleware/templates/rescues/routing_error.erb within rescues/layout (0.9ms)


Started GET "/accounts/search?accountName=sForce" for 127.0.0.1 at 2011-10-30 13:38:13 +1100
  Processing by AccountsController#search as HTML
  Parameters: {"accountName"=>"sForce"}
Rendered accounts/search.html.erb within layouts/application (6.7ms)
Completed 200 OK in 1805ms (Views: 13.8ms | ActiveRecord: 0.0ms)
DEPRECATION WARNING: config.action_view.debug_rjs will be removed in 3.1, from 3.1 onwards you will need to install prototype-rails to continue to use RJS templates . (called from service at /home/patrick/.rvm/rubies/ruby-1.9.2-head/lib/ruby/1.9.1/webrick/httpserver.rb:111)


Started GET "/auth/forcedotcom" for 127.0.0.1 at 2011-10-30 13:40:50 +1100


Started GET "/auth/forcedotcom/callback?code=aPrxaSyVmC8fBbds.naZO1CTTibIDtHTidNVqs9WWIik0HPFZwJHBX0fPUe6iyRZ8jShV6QQ6A%3D%3D" for 127.0.0.1 at 2011-10-30 13:40:55 +1100
  Processing by SessionsController#create as HTML
  Parameters: {"code"=>"aPrxaSyVmC8fBbds.naZO1CTTibIDtHTidNVqs9WWIik0HPFZwJHBX0fPUe6iyRZ8jShV6QQ6A==", "provider"=>"forcedotcom"}
Redirected to https://localhost:3000/accounts/index
Completed 302 Found in 1ms


Started GET "/accounts/index" for 127.0.0.1 at 2011-10-30 13:40:57 +1100
  Processing by AccountsController#index as HTML
Rendered accounts/index.html.erb within layouts/application (1.8ms)
Completed 200 OK in 6ms (Views: 5.6ms | ActiveRecord: 0.0ms)


Started GET "/accounts/search?accountName=sForce" for 127.0.0.1 at 2011-10-30 13:41:20 +1100
  Processing by AccountsController#search as HTML
  Parameters: {"accountName"=>"sForce"}
Rendered accounts/search.html.erb within layouts/application (4.4ms)
Completed 200 OK in 1820ms (Views: 12.3ms | ActiveRecord: 0.0ms)
DEPRECATION WARNING: config.action_view.debug_rjs will be removed in 3.1, from 3.1 onwards you will need to install prototype-rails to continue to use RJS templates . (called from service at /home/patrick/.rvm/rubies/ruby-1.9.2-head/lib/ruby/1.9.1/webrick/httpserver.rb:111)


Started GET "/accounts/restsearch?accountName=sForce" for 127.0.0.1 at 2011-10-30 13:43:13 +1100
  Processing by AccountsController#show as HTML
  Parameters: {"accountName"=>"sForce", "id"=>"restsearch"}
Completed 500 Internal Server Error in 0ms

NoMethodError (You have a nil object when you didn't expect it!
You might have expected an instance of Array.
The error occurred while evaluating nil.+):
  lib/accounts.rb:16:in `root_url'
  lib/accounts.rb:55:in `retrieve'
  app/controllers/accounts_controller.rb:22:in `show'

Rendered /home/patrick/.rvm/gems/ruby-1.9.2-head@BEngProj/gems/actionpack-3.0.10/lib/action_dispatch/middleware/templates/rescues/_trace.erb (2.7ms)
Rendered /home/patrick/.rvm/gems/ruby-1.9.2-head@BEngProj/gems/actionpack-3.0.10/lib/action_dispatch/middleware/templates/rescues/_request_and_response.erb (63.3ms)
Rendered /home/patrick/.rvm/gems/ruby-1.9.2-head@BEngProj/gems/actionpack-3.0.10/lib/action_dispatch/middleware/templates/rescues/diagnostics.erb within rescues/layout (73.0ms)
DEPRECATION WARNING: config.action_view.debug_rjs will be removed in 3.1, from 3.1 onwards you will need to install prototype-rails to continue to use RJS templates . (called from service at /home/patrick/.rvm/rubies/ruby-1.9.2-head/lib/ruby/1.9.1/webrick/httpserver.rb:111)


Started GET "/accounts/restsearch?accountName=sForce" for 127.0.0.1 at 2011-10-30 13:44:50 +1100
  Processing by AccountsController#restsearch as HTML
  Parameters: {"accountName"=>"sForce"}
Completed 500 Internal Server Error in 0ms

NoMethodError (You have a nil object when you didn't expect it!
You might have expected an instance of Array.
The error occurred while evaluating nil.+):
  lib/accounts.rb:16:in `root_url'
  lib/accounts.rb:22:in `search'
  app/controllers/accounts_controller.rb:17:in `restsearch'

Rendered /home/patrick/.rvm/gems/ruby-1.9.2-head@BEngProj/gems/actionpack-3.0.10/lib/action_dispatch/middleware/templates/rescues/_trace.erb (1.3ms)
Rendered /home/patrick/.rvm/gems/ruby-1.9.2-head@BEngProj/gems/actionpack-3.0.10/lib/action_dispatch/middleware/templates/rescues/_request_and_response.erb (45.2ms)
Rendered /home/patrick/.rvm/gems/ruby-1.9.2-head@BEngProj/gems/actionpack-3.0.10/lib/action_dispatch/middleware/templates/rescues/diagnostics.erb within rescues/layout (49.6ms)


Started GET "/auth/forcedotcom" for 127.0.0.1 at 2011-10-30 13:45:00 +1100


Started GET "/auth/forcedotcom/callback?code=aPrxaSyVmC8fBbds.naZO1CTTh9S7AmkY65di66u6dCrR1eOnDE7c9P1VJUKZDTAktbIU3knmw%3D%3D" for 127.0.0.1 at 2011-10-30 13:45:04 +1100
  Processing by SessionsController#create as HTML
  Parameters: {"code"=>"aPrxaSyVmC8fBbds.naZO1CTTh9S7AmkY65di66u6dCrR1eOnDE7c9P1VJUKZDTAktbIU3knmw==", "provider"=>"forcedotcom"}
Redirected to https://localhost:3000/accounts/index
Completed 302 Found in 1ms


Started GET "/accounts/index" for 127.0.0.1 at 2011-10-30 13:45:06 +1100
  Processing by AccountsController#index as HTML
Rendered accounts/index.html.erb within layouts/application (1.5ms)
Completed 200 OK in 5ms (Views: 4.2ms | ActiveRecord: 0.0ms)


Started GET "/accounts/restsearch?accountName=sForce" for 127.0.0.1 at 2011-10-30 13:45:20 +1100
  Processing by AccountsController#restsearch as HTML
  Parameters: {"accountName"=>"sForce"}
Completed 406 Not Acceptable in 1823ms


Started GET "/accounts/restsearch?accountName=sForce" for 127.0.0.1 at 2011-10-30 13:46:19 +1100
  Processing by AccountsController#restsearch as HTML
  Parameters: {"accountName"=>"sForce"}
Completed 406 Not Acceptable in 2170ms
DEPRECATION WARNING: config.action_view.debug_rjs will be removed in 3.1, from 3.1 onwards you will need to install prototype-rails to continue to use RJS templates . (called from service at /home/patrick/.rvm/rubies/ruby-1.9.2-head/lib/ruby/1.9.1/webrick/httpserver.rb:111)


Started GET "/accounts/restsearch?accountName=sForce" for 127.0.0.1 at 2011-10-30 13:46:39 +1100
  Processing by AccountsController#restsearch as HTML
  Parameters: {"accountName"=>"sForce"}
Completed 500 Internal Server Error in 0ms

NoMethodError (You have a nil object when you didn't expect it!
You might have expected an instance of Array.
The error occurred while evaluating nil.+):
  lib/accounts.rb:16:in `root_url'
  lib/accounts.rb:22:in `search'
  app/controllers/accounts_controller.rb:17:in `restsearch'

Rendered /home/patrick/.rvm/gems/ruby-1.9.2-head@BEngProj/gems/actionpack-3.0.10/lib/action_dispatch/middleware/templates/rescues/_trace.erb (1.0ms)
Rendered /home/patrick/.rvm/gems/ruby-1.9.2-head@BEngProj/gems/actionpack-3.0.10/lib/action_dispatch/middleware/templates/rescues/_request_and_response.erb (48.1ms)
Rendered /home/patrick/.rvm/gems/ruby-1.9.2-head@BEngProj/gems/actionpack-3.0.10/lib/action_dispatch/middleware/templates/rescues/diagnostics.erb within rescues/layout (52.4ms)


Started GET "/auth/forcedotcom" for 127.0.0.1 at 2011-10-30 13:46:52 +1100


Started GET "/auth/forcedotcom/callback?code=aPrxaSyVmC8fBbds.naZO1CTTlQDbd6LZ._6z5RMrKslKyQlzlSjRj_af9DUpaueJOOh5XaB2Q%3D%3D" for 127.0.0.1 at 2011-10-30 13:46:53 +1100
  Processing by SessionsController#create as HTML
  Parameters: {"code"=>"aPrxaSyVmC8fBbds.naZO1CTTlQDbd6LZ._6z5RMrKslKyQlzlSjRj_af9DUpaueJOOh5XaB2Q==", "provider"=>"forcedotcom"}
Redirected to https://localhost:3000/accounts/index
Completed 302 Found in 1ms


Started GET "/accounts/index" for 127.0.0.1 at 2011-10-30 13:46:56 +1100
  Processing by AccountsController#index as HTML
Rendered accounts/index.html.erb within layouts/application (1.5ms)
Completed 200 OK in 4ms (Views: 4.1ms | ActiveRecord: 0.0ms)


Started GET "/accounts/restsearch?accountName=sForce" for 127.0.0.1 at 2011-10-30 13:47:04 +1100
  Processing by AccountsController#restsearch as HTML
  Parameters: {"accountName"=>"sForce"}
Completed 406 Not Acceptable in 1781ms
DEPRECATION WARNING: config.action_view.debug_rjs will be removed in 3.1, from 3.1 onwards you will need to install prototype-rails to continue to use RJS templates . (called from service at /home/patrick/.rvm/rubies/ruby-1.9.2-head/lib/ruby/1.9.1/webrick/httpserver.rb:111)


Started GET "/auth/forcedotcom" for 127.0.0.1 at 2011-10-30 13:48:51 +1100


Started GET "/auth/forcedotcom/callback?code=aPrxaSyVmC8fBbds.naZO1CTToQHFnwa_aHCnwcE.e63RPSvxYQCy1hz1SkfvMDe7YveiMuyfA%3D%3D" for 127.0.0.1 at 2011-10-30 13:48:56 +1100
  Processing by SessionsController#create as HTML
  Parameters: {"code"=>"aPrxaSyVmC8fBbds.naZO1CTToQHFnwa_aHCnwcE.e63RPSvxYQCy1hz1SkfvMDe7YveiMuyfA==", "provider"=>"forcedotcom"}
Redirected to https://localhost:3000/accounts/index
Completed 302 Found in 1ms


Started GET "/accounts/index" for 127.0.0.1 at 2011-10-30 13:48:59 +1100
  Processing by AccountsController#index as HTML
Rendered accounts/index.html.erb within layouts/application (1.7ms)
Completed 200 OK in 5ms (Views: 4.3ms | ActiveRecord: 0.0ms)


Started GET "/accounts/search?accountName=sForce" for 127.0.0.1 at 2011-10-30 13:49:07 +1100
  Processing by AccountsController#search as HTML
  Parameters: {"accountName"=>"sForce"}
Completed 406 Not Acceptable in 1912ms


Started GET "/accounts/search?accountName=sForce" for 127.0.0.1 at 2011-10-30 13:49:48 +1100
  Processing by AccountsController#search as HTML
  Parameters: {"accountName"=>"sForce"}
Rendered accounts/search.html.erb within layouts/application (4.6ms)
Completed 200 OK in 1849ms (Views: 54.3ms | ActiveRecord: 0.0ms)


Started GET "/accounts/search?accountName=sForce" for 127.0.0.1 at 2011-10-30 13:53:29 +1100

SyntaxError (/home/patrick/rails_projects/CFM-MW/app/controllers/accounts_controller.rb:15: syntax error, unexpected tIVAR, expecting keyword_end):
  

Rendered /home/patrick/.rvm/gems/ruby-1.9.2-head@BEngProj/gems/actionpack-3.0.10/lib/action_dispatch/middleware/templates/rescues/_trace.erb (1.1ms)
Rendered /home/patrick/.rvm/gems/ruby-1.9.2-head@BEngProj/gems/actionpack-3.0.10/lib/action_dispatch/middleware/templates/rescues/_request_and_response.erb (9.3ms)
Rendered /home/patrick/.rvm/gems/ruby-1.9.2-head@BEngProj/gems/actionpack-3.0.10/lib/action_dispatch/middleware/templates/rescues/diagnostics.erb within rescues/layout (13.5ms)


Started GET "/accounts/search?accountName=sForce" for 127.0.0.1 at 2011-10-30 13:54:00 +1100
  Processing by AccountsController#search as HTML
  Parameters: {"accountName"=>"sForce"}
Rendered text template (0.0ms)
Completed 200 OK in 2281ms (Views: 47.4ms | ActiveRecord: 0.0ms)


Started GET "/accounts/search?accountName=sForce" for 127.0.0.1 at 2011-10-30 16:36:46 +1100
  Processing by AccountsController#search as HTML
  Parameters: {"accountName"=>"sForce"}
Rendered text template (0.0ms)
Completed 200 OK in 2210ms (Views: 1.9ms | ActiveRecord: 0.0ms)


Started GET "/auth/forcedotcom" for 127.0.0.1 at 2011-10-30 16:39:36 +1100


Started GET "/auth/forcedotcom/callback?code=aPrxaSyVmC8fBbds.naZO1CTTnX9rPhc1AZvVGdI.C5nIfVajHtqpVVCckdivamogtZEFJdmKQ%3D%3D" for 127.0.0.1 at 2011-10-30 16:39:59 +1100
  Processing by SessionsController#create as HTML
  Parameters: {"code"=>"aPrxaSyVmC8fBbds.naZO1CTTnX9rPhc1AZvVGdI.C5nIfVajHtqpVVCckdivamogtZEFJdmKQ==", "provider"=>"forcedotcom"}
Redirected to https://localhost:3000/accounts/index
Completed 302 Found in 2ms


Started GET "/accounts/index" for 127.0.0.1 at 2011-10-30 16:40:02 +1100
  Processing by AccountsController#index as HTML
Rendered accounts/index.html.erb within layouts/application (1.9ms)
Completed 200 OK in 8ms (Views: 7.9ms | ActiveRecord: 0.0ms)


Started OPTIONS "/accounts/search?accountName=sForce" for 127.0.0.1 at 2011-10-30 16:45:50 +1100
  Processing by AccountsController#search as HTML
  Parameters: {"accountName"=>"sForce"}
Rendered text template (0.0ms)
Completed 200 OK in 2080ms (Views: 1.7ms | ActiveRecord: 0.0ms)


Started OPTIONS "/accounts/search?accountName=sForce" for 127.0.0.1 at 2011-10-30 16:47:30 +1100
  Processing by AccountsController#search as HTML
  Parameters: {"accountName"=>"sForce"}
Rendered text template (0.0ms)
Completed 200 OK in 1615ms (Views: 1.8ms | ActiveRecord: 0.0ms)


Started GET "/accounts/search?accountName=sForce" for 127.0.0.1 at 2011-10-30 16:51:26 +1100
  Processing by AccountsController#search as HTML
  Parameters: {"accountName"=>"sForce"}
Rendered text template (0.0ms)
Completed 200 OK in 1997ms (Views: 1.0ms | ActiveRecord: 0.0ms)


Started OPTIONS "/accounts/search?accountName=sForce" for 127.0.0.1 at 2011-10-30 16:58:17 +1100
  Processing by AccountsController#search as HTML
  Parameters: {"accountName"=>"sForce"}
Rendered text template (0.0ms)
Completed 200 OK in 1596ms (Views: 1.7ms | ActiveRecord: 0.0ms)


Started OPTIONS "/accounts/search?accountName=sForce" for 127.0.0.1 at 2011-10-30 17:00:20 +1100
  Processing by AccountsController#search as HTML
  Parameters: {"accountName"=>"sForce"}
Rendered text template (0.0ms)
Completed 200 OK in 1622ms (Views: 1.7ms | ActiveRecord: 0.0ms)


Started GET "/accounts/index" for 127.0.0.1 at 2011-10-30 17:19:04 +1100
  Processing by AccountsController#index as HTML
Rendered accounts/index.html.erb within layouts/application (11.2ms)
Completed 200 OK in 21ms (Views: 20.3ms | ActiveRecord: 0.0ms)


Started OPTIONS "/accounts/search?accountName=sForce" for 127.0.0.1 at 2011-10-30 17:19:25 +1100
  Processing by AccountsController#search as HTML
  Parameters: {"accountName"=>"sForce"}
Rendered text template (0.0ms)
Completed 200 OK in 2176ms (Views: 1.6ms | ActiveRecord: 0.0ms)


Started OPTIONS "/accounts/search?accountName=sForce" for 127.0.0.1 at 2011-10-30 17:30:38 +1100
  Processing by AccountsController#search as HTML
  Parameters: {"accountName"=>"sForce"}
Rendered text template (0.0ms)
Completed 200 OK in 2232ms (Views: 1.8ms | ActiveRecord: 0.0ms)


Started OPTIONS "/accounts/search?accountName=sForce" for 127.0.0.1 at 2011-10-30 17:31:35 +1100
  Processing by AccountsController#search as HTML
  Parameters: {"accountName"=>"sForce"}
Rendered text template (0.0ms)
Completed 200 OK in 1826ms (Views: 1.6ms | ActiveRecord: 0.0ms)


Started OPTIONS "/accounts/search?accountName=sForce" for 127.0.0.1 at 2011-10-30 18:27:47 +1100
  Processing by AccountsController#search as HTML
  Parameters: {"accountName"=>"sForce"}
Rendered text template (0.0ms)
Completed 200 OK in 1882ms (Views: 23.6ms | ActiveRecord: 0.0ms)


Started OPTIONS "/accounts/search?accountName=sForce" for 127.0.0.1 at 2011-10-30 18:28:13 +1100
  Processing by AccountsController#search as HTML
  Parameters: {"accountName"=>"sForce"}
Rendered text template (0.0ms)
Completed 200 OK in 1856ms (Views: 19.8ms | ActiveRecord: 0.0ms)


Started GET "/accounts/search?accountName=sForce" for 127.0.0.1 at 2011-10-30 18:38:43 +1100
  Processing by AccountsController#search as HTML
  Parameters: {"accountName"=>"sForce"}
Rendered text template (0.0ms)
Completed 200 OK in 1883ms (Views: 1.7ms | ActiveRecord: 0.0ms)


Started OPTIONS "/accounts/search?accountName=sForce" for 127.0.0.1 at 2011-10-30 18:40:07 +1100
  Processing by AccountsController#search as HTML
  Parameters: {"accountName"=>"sForce"}
Rendered text template (0.0ms)
Completed 200 OK in 1861ms (Views: 1.0ms | ActiveRecord: 0.0ms)


Started OPTIONS "/accounts/search?accountName=sForce" for 127.0.0.1 at 2011-10-30 18:43:00 +1100
  Processing by AccountsController#search as HTML
  Parameters: {"accountName"=>"sForce"}
Rendered text template (0.0ms)
Completed 200 OK in 2279ms (Views: 1.7ms | ActiveRecord: 0.0ms)


Started GET "/accounts/search?accountName=sForce" for 127.0.0.1 at 2011-10-30 18:44:24 +1100
  Processing by AccountsController#search as HTML
  Parameters: {"accountName"=>"sForce"}
Rendered text template (0.0ms)
Completed 200 OK in 1842ms (Views: 1.0ms | ActiveRecord: 0.0ms)


Started GET "/auth/forcedotcom" for 127.0.0.1 at 2011-10-30 18:46:34 +1100


Started GET "/auth/forcedotcom/callback?code=aPrxaSyVmC8fBbds.naZO1CTTq6BFawFig3gPRWVX1umjwDuX45FVnykbOa4Z54Ndnwzm6LfzA%3D%3D" for 127.0.0.1 at 2011-10-30 18:46:56 +1100
  Processing by SessionsController#create as HTML
  Parameters: {"code"=>"aPrxaSyVmC8fBbds.naZO1CTTq6BFawFig3gPRWVX1umjwDuX45FVnykbOa4Z54Ndnwzm6LfzA==", "provider"=>"forcedotcom"}
Redirected to https://localhost:3000/accounts/index
Completed 302 Found in 1ms


Started GET "/accounts/index" for 127.0.0.1 at 2011-10-30 18:46:59 +1100
  Processing by AccountsController#index as HTML
Rendered accounts/index.html.erb within layouts/application (2.7ms)
Completed 200 OK in 6ms (Views: 5.4ms | ActiveRecord: 0.0ms)


Started GET "/accounts/search?accountName=sForce" for 127.0.0.1 at 2011-10-30 18:47:09 +1100
  Processing by AccountsController#search as HTML
  Parameters: {"accountName"=>"sForce"}
Rendered text template (0.0ms)
Completed 200 OK in 1832ms (Views: 1.6ms | ActiveRecord: 0.0ms)


Started OPTIONS "/accounts/search?accountName=sForce" for 127.0.0.1 at 2011-10-30 18:47:46 +1100
  Processing by AccountsController#search as HTML
  Parameters: {"accountName"=>"sForce"}
Rendered text template (0.0ms)
Completed 200 OK in 1860ms (Views: 1.6ms | ActiveRecord: 0.0ms)


Started GET "/ajax-net.html" for 127.0.0.1 at 2011-10-30 18:49:18 +1100

ActionController::RoutingError (No route matches "/ajax-net.html"):
  

Rendered /home/patrick/.rvm/gems/ruby-1.9.2-head@BEngProj/gems/actionpack-3.0.10/lib/action_dispatch/middleware/templates/rescues/routing_error.erb within rescues/layout (0.8ms)
DEPRECATION WARNING: config.action_view.debug_rjs will be removed in 3.1, from 3.1 onwards you will need to install prototype-rails to continue to use RJS templates . (called from service at /home/patrick/.rvm/rubies/ruby-1.9.2-head/lib/ruby/1.9.1/webrick/httpserver.rb:111)


Started GET "/jquery-1.6.4.min.js" for 127.0.0.1 at 2011-10-30 18:50:17 +1100

ActionController::RoutingError (No route matches "/jquery-1.6.4.min.js"):
  

Rendered /home/patrick/.rvm/gems/ruby-1.9.2-head@BEngProj/gems/actionpack-3.0.10/lib/action_dispatch/middleware/templates/rescues/routing_error.erb within rescues/layout (1.1ms)
DEPRECATION WARNING: config.action_view.debug_rjs will be removed in 3.1, from 3.1 onwards you will need to install prototype-rails to continue to use RJS templates . (called from service at /home/patrick/.rvm/rubies/ruby-1.9.2-head/lib/ruby/1.9.1/webrick/httpserver.rb:111)


Started GET "/jquery-1.6.4.min.js" for 127.0.0.1 at 2011-10-30 18:54:27 +1100

ActionController::RoutingError (No route matches "/jquery-1.6.4.min.js"):
  

Rendered /home/patrick/.rvm/gems/ruby-1.9.2-head@BEngProj/gems/actionpack-3.0.10/lib/action_dispatch/middleware/templates/rescues/routing_error.erb within rescues/layout (2.8ms)


Started GET "/auth/forcedotcom" for 127.0.0.1 at 2011-10-30 18:54:41 +1100


Started GET "/auth/forcedotcom/callback?code=aPrxaSyVmC8fBbds.naZO1CTThv8wc7t.Jx1KUeA6ayewwGfofe.KmYfsdZ3LsZHPYhU3.P2gA%3D%3D" for 127.0.0.1 at 2011-10-30 18:54:45 +1100
  Processing by SessionsController#create as HTML
  Parameters: {"code"=>"aPrxaSyVmC8fBbds.naZO1CTThv8wc7t.Jx1KUeA6ayewwGfofe.KmYfsdZ3LsZHPYhU3.P2gA==", "provider"=>"forcedotcom"}
Redirected to https://localhost:3000/accounts/index
Completed 302 Found in 1ms


Started GET "/accounts/index" for 127.0.0.1 at 2011-10-30 18:54:47 +1100
  Processing by AccountsController#index as HTML
Rendered accounts/index.html.erb within layouts/application (1.3ms)
Completed 200 OK in 4ms (Views: 4.0ms | ActiveRecord: 0.0ms)


Started GET "/javascripts/jquery.js" for 127.0.0.1 at 2011-10-30 18:54:48 +1100

ActionController::RoutingError (No route matches "/javascripts/jquery.js"):
  

Rendered /home/patrick/.rvm/gems/ruby-1.9.2-head@BEngProj/gems/actionpack-3.0.10/lib/action_dispatch/middleware/templates/rescues/routing_error.erb within rescues/layout (0.8ms)


Started GET "/javascripts/jquery_ujs.js" for 127.0.0.1 at 2011-10-30 18:54:48 +1100

ActionController::RoutingError (No route matches "/javascripts/jquery_ujs.js"):
  

Rendered /home/patrick/.rvm/gems/ruby-1.9.2-head@BEngProj/gems/actionpack-3.0.10/lib/action_dispatch/middleware/templates/rescues/routing_error.erb within rescues/layout (0.8ms)


Started GET "/jquery-1.6.4.min.js" for 127.0.0.1 at 2011-10-30 18:55:02 +1100

ActionController::RoutingError (No route matches "/jquery-1.6.4.min.js"):
  

Rendered /home/patrick/.rvm/gems/ruby-1.9.2-head@BEngProj/gems/actionpack-3.0.10/lib/action_dispatch/middleware/templates/rescues/routing_error.erb within rescues/layout (0.8ms)
DEPRECATION WARNING: config.action_view.debug_rjs will be removed in 3.1, from 3.1 onwards you will need to install prototype-rails to continue to use RJS templates . (called from service at /home/patrick/.rvm/rubies/ruby-1.9.2-head/lib/ruby/1.9.1/webrick/httpserver.rb:111)


Started GET "/jquery-1.6.4.min.js" for 127.0.0.1 at 2011-10-30 18:59:14 +1100

ActionController::RoutingError (No route matches "/jquery-1.6.4.min.js"):
  

Rendered /home/patrick/.rvm/gems/ruby-1.9.2-head@BEngProj/gems/actionpack-3.0.10/lib/action_dispatch/middleware/templates/rescues/routing_error.erb within rescues/layout (0.8ms)


Started GET "/jquery-1.6.4.min.js" for 127.0.0.1 at 2011-10-30 19:00:04 +1100

ActionController::RoutingError (No route matches "/jquery-1.6.4.min.js"):
  

Rendered /home/patrick/.rvm/gems/ruby-1.9.2-head@BEngProj/gems/actionpack-3.0.10/lib/action_dispatch/middleware/templates/rescues/routing_error.erb within rescues/layout (0.9ms)
DEPRECATION WARNING: config.action_view.debug_rjs will be removed in 3.1, from 3.1 onwards you will need to install prototype-rails to continue to use RJS templates . (called from service at /home/patrick/.rvm/rubies/ruby-1.9.2-head/lib/ruby/1.9.1/webrick/httpserver.rb:111)


Started GET "/jquery.min.js" for 127.0.0.1 at 2011-10-30 19:00:31 +1100

ActionController::RoutingError (No route matches "/jquery.min.js"):
  

Rendered /home/patrick/.rvm/gems/ruby-1.9.2-head@BEngProj/gems/actionpack-3.0.10/lib/action_dispatch/middleware/templates/rescues/routing_error.erb within rescues/layout (1.0ms)
DEPRECATION WARNING: config.action_view.debug_rjs will be removed in 3.1, from 3.1 onwards you will need to install prototype-rails to continue to use RJS templates . (called from service at /home/patrick/.rvm/rubies/ruby-1.9.2-head/lib/ruby/1.9.1/webrick/httpserver.rb:111)


Started GET "/auth/forcedotcom" for 127.0.0.1 at 2011-10-30 19:02:29 +1100


Started GET "/auth/forcedotcom/callback?code=aPrxaSyVmC8fBbds.naZO1CTTp8_QFacaiW6RB7lQTZSsYq.AVNR.CwvUNj35tEDg_KEMOWN2w%3D%3D" for 127.0.0.1 at 2011-10-30 19:02:33 +1100
  Processing by SessionsController#create as HTML
  Parameters: {"code"=>"aPrxaSyVmC8fBbds.naZO1CTTp8_QFacaiW6RB7lQTZSsYq.AVNR.CwvUNj35tEDg_KEMOWN2w==", "provider"=>"forcedotcom"}
Redirected to https://localhost:3000/accounts/index
Completed 302 Found in 1ms


Started GET "/accounts/index" for 127.0.0.1 at 2011-10-30 19:02:36 +1100
  Processing by AccountsController#index as HTML
Rendered accounts/index.html.erb within layouts/application (1.9ms)
Completed 200 OK in 5ms (Views: 4.6ms | ActiveRecord: 0.0ms)


Started GET "/accounts/search?accountName=sForce" for 127.0.0.1 at 2011-10-30 19:11:29 +1100
  Processing by AccountsController#search as HTML
  Parameters: {"accountName"=>"sForce"}
Completed 200 OK in 2056ms (Views: 4.1ms | ActiveRecord: 0.0ms)


Started GET "/accounts/search?accountName=sForce" for 127.0.0.1 at 2011-10-30 19:12:07 +1100
  Processing by AccountsController#search as HTML
  Parameters: {"accountName"=>"sForce"}
Completed 200 OK in 1643ms (Views: 3.3ms | ActiveRecord: 0.0ms)


Started GET "/accounts/search?accountName=sForce" for 127.0.0.1 at 2011-10-30 19:22:47 +1100
  Processing by AccountsController#search as HTML
  Parameters: {"accountName"=>"sForce"}
Completed 200 OK in 2354ms (Views: 4.2ms | ActiveRecord: 0.0ms)


Started GET "/accounts/search?accountName=sForce" for 127.0.0.1 at 2011-10-30 19:24:17 +1100
  Processing by AccountsController#search as HTML
  Parameters: {"accountName"=>"sForce"}
Completed 200 OK in 1827ms (Views: 4.1ms | ActiveRecord: 0.0ms)


Started GET "/accounts/search?accountName=sForce" for 127.0.0.1 at 2011-10-30 19:47:34 +1100
  Processing by AccountsController#search as HTML
  Parameters: {"accountName"=>"sForce"}
Completed 200 OK in 1906ms (Views: 1.7ms | ActiveRecord: 0.0ms)


Started GET "/accounts/search?accountName=sForce" for 127.0.0.1 at 2011-10-30 19:48:19 +1100
  Processing by AccountsController#search as HTML
  Parameters: {"accountName"=>"sForce"}
Completed 200 OK in 1888ms (Views: 1.7ms | ActiveRecord: 0.0ms)


Started OPTIONS "/accounts/search?accountName=sForce" for 127.0.0.1 at 2011-10-30 19:49:46 +1100
  Processing by AccountsController#search as HTML
  Parameters: {"accountName"=>"sForce"}
Completed 200 OK in 1834ms (Views: 5.5ms | ActiveRecord: 0.0ms)


Started OPTIONS "/accounts/search?accountName=sForce" for 127.0.0.1 at 2011-10-30 20:01:00 +1100
  Processing by AccountsController#search as HTML
  Parameters: {"accountName"=>"sForce"}
Completed 200 OK in 2265ms (Views: 3.7ms | ActiveRecord: 0.0ms)


Started OPTIONS "/accounts/search?accountName=sForce" for 127.0.0.1 at 2011-10-30 20:01:43 +1100
  Processing by AccountsController#search as HTML
  Parameters: {"accountName"=>"sForce"}
Completed 200 OK in 1790ms (Views: 2.4ms | ActiveRecord: 0.0ms)
